<?xml version="1.0" encoding="UTF-8"?>
<!-- Generated by org.testng.reporters.JUnitXMLReporter -->
<testsuite hostname="Priya" ignored="0" name="Demo Web Shop Test Cases" tests="7" failures="1" timestamp="06 Jun 2020 14:30:54 GMT" time="90.202" errors="0">
  <testcase name="verifyRegistration" time="1.973" classname="com.qa.testcases.RegistrationPageTest">
    <skipped/>
  </testcase> <!-- verifyRegistration -->
  <testcase name="verifyRegistration" time="2.732" classname="com.qa.testcases.RegistrationPageTest">
    <skipped/>
  </testcase> <!-- verifyRegistration -->
  <testcase name="verifyRegistration" time="1.736" classname="com.qa.testcases.RegistrationPageTest">
    <skipped/>
  </testcase> <!-- verifyRegistration -->
  <testcase name="verifyRegistration" time="1.741" classname="com.qa.testcases.RegistrationPageTest">
    <failure type="java.lang.AssertionError" message="expected [false] but found [true]">
      <![CDATA[java.lang.AssertionError: expected [false] but found [true]
at com.qa.testcases.RegistrationPageTest.verifyRegistration(RegistrationPageTest.java:55)
... Removed 31 stack frames]]>
    </failure>
  </testcase> <!-- verifyRegistration -->
  <testcase name="pageTitleTest" time="0.027" classname="com.qa.testcases.LoginPageTest"/>
  <testcase name="validateLogo" time="0.109" classname="com.qa.testcases.LoginPageTest"/>
  <testcase name="login" time="0.477" classname="com.qa.testcases.LoginPageTest"/>
</testsuite> <!-- Demo Web Shop Test Cases -->
